<Jan 27, 2025 12:08:26 PM CAT> <INFO> <NodeManager> <Starting WebLogic server with command line: /u01/BEA/user_projects/domains/ClassicDomain/bin/startWebLogic.sh >
<Jan 27, 2025 12:08:26 PM CAT> <FINEST> <NodeManager> <Environment: PATH=/usr/java/jdk1.8.0_161/jre/bin:/usr/java/jdk1.8.0_161/bin:/u01/BEA/ReportsToolsComponent/../oui/lib/win64:.:/usr/bin:.:/home/bankthin:/usr/lib64/qt-3.3/bin:/usr/local/bin:/bin:/usr/bin:/usr/local/sbin:/usr/sbin:/u01/BEA/bin:/u01/BEA/user_projects/domains/ClassicDomain/bin:.:/usr/users/lbin:/usr/bankdba:/sbin:/usr/hosts:/bsystem:/dev:.>
<Jan 27, 2025 12:08:26 PM CAT> <FINEST> <NodeManager> <Environment: HISTCONTROL=ignoredups>
<Jan 27, 2025 12:08:26 PM CAT> <FINEST> <NodeManager> <Environment: ORACLE_SERVER=>
<Jan 27, 2025 12:08:26 PM CAT> <FINEST> <NodeManager> <Environment: XDG_DATA_DIRS=/home/bankthin/.local/share/flatpak/exports/share:/var/lib/flatpak/exports/share:/usr/local/share:/usr/share>
<Jan 27, 2025 12:08:26 PM CAT> <FINEST> <NodeManager> <Environment: cli_id=1>
<Jan 27, 2025 12:08:26 PM CAT> <FINEST> <NodeManager> <Environment: CGIDISP=ega>
<Jan 27, 2025 12:08:26 PM CAT> <FINEST> <NodeManager> <Environment: JAVA8_HOME=/usr/bin>
<Jan 27, 2025 12:08:26 PM CAT> <FINEST> <NodeManager> <Environment: TNS_ADMIN=/u01/BEA/user_projects/domains/ClassicDomain/config/fmwconfig>
<Jan 27, 2025 12:08:26 PM CAT> <FINEST> <NodeManager> <Environment: JRE_HOME=/usr/java/jdk1.8.0_161/jre>
<Jan 27, 2025 12:08:26 PM CAT> <FINEST> <NodeManager> <Environment: QT_GRAPHICSSYSTEM=native>
<Jan 27, 2025 12:08:26 PM CAT> <FINEST> <NodeManager> <Environment: MAIL=/var/spool/mail/thin>
<Jan 27, 2025 12:08:26 PM CAT> <FINEST> <NodeManager> <Environment: LD_LIBRARY_PATH=/usr/java/jdk1.8.0_161/jre/lib/amd64/server:/usr/java/jdk1.8.0_161/jre/lib/amd64:/usr/java/jdk1.8.0_161/jre/../lib/amd64:/u01/BEA/lib:/u01/BEA/oracle_common/jdk/jre/lib/amd64:/u01/BEA/oracle_common/jdk/jre/lib/amd64/server:/u01/BEA/oracle_common/jdk/jre/lib/amd64/native_threads:>
<Jan 27, 2025 12:08:26 PM CAT> <FINEST> <NodeManager> <Environment: CGIPATH=/usr/lib/cgi>
<Jan 27, 2025 12:08:26 PM CAT> <FINEST> <NodeManager> <Environment: LOGNAME=thin>
<Jan 27, 2025 12:08:26 PM CAT> <FINEST> <NodeManager> <Environment: PWD=/u01/BEA/user_projects/domains/ClassicDomain/nodemanager>
<Jan 27, 2025 12:08:26 PM CAT> <FINEST> <NodeManager> <Environment: MEM_ARGS=-Xms32m -Xmx200m>
<Jan 27, 2025 12:08:26 PM CAT> <FINEST> <NodeManager> <Environment: LESSOPEN=||/usr/bin/lesspipe.sh %s>
<Jan 27, 2025 12:08:26 PM CAT> <FINEST> <NodeManager> <Environment: SHELL=/usr/bin/ksh>
<Jan 27, 2025 12:08:26 PM CAT> <FINEST> <NodeManager> <Environment: INSTALLER_HOME=/home/bankthin>
<Jan 27, 2025 12:08:26 PM CAT> <FINEST> <NodeManager> <Environment: QT_GRAPHICSSYSTEM_CHECKED=1>
<Jan 27, 2025 12:08:26 PM CAT> <FINEST> <NodeManager> <Environment: JAVA_VM=-server>
<Jan 27, 2025 12:08:26 PM CAT> <FINEST> <NodeManager> <Environment: QTINC=/usr/lib64/qt-3.3/include>
<Jan 27, 2025 12:08:26 PM CAT> <FINEST> <NodeManager> <Environment: OLDPWD=/home/bankthin>
<Jan 27, 2025 12:08:26 PM CAT> <FINEST> <NodeManager> <Environment: VISUAL=emacs>
<Jan 27, 2025 12:08:26 PM CAT> <FINEST> <NodeManager> <Environment: POST_CLASSPATH=/u01/BEA/oracle_common/modules/oracle.jps/jps-manifest.jar>
<Jan 27, 2025 12:08:26 PM CAT> <FINEST> <NodeManager> <Environment: DOMAIN_HOME=/u01/BEA/user_projects/domains/ClassicDomain>
<Jan 27, 2025 12:08:26 PM CAT> <FINEST> <NodeManager> <Environment: BEA_JAVA_HOME=>
<Jan 27, 2025 12:08:26 PM CAT> <FINEST> <NodeManager> <Environment: DEFAULT_SUN_JAVA_HOME=/usr/java/jdk1.8.0_161>
<Jan 27, 2025 12:08:26 PM CAT> <FINEST> <NodeManager> <Environment: JAVA_OPTIONS=-Dweblogic.system.BootIdentityFile=/u01/BEA/user_projects/domains/ClassicDomain/servers/AdminServer/security/boot.properties -Dweblogic.nodemanager.ServiceEnabled=true -Dweblogic.nmservice.RotationEnabled=true>
<Jan 27, 2025 12:08:26 PM CAT> <FINEST> <NodeManager> <Environment: NLS_DATE_FORMAT=DDMMYYYY>
<Jan 27, 2025 12:08:26 PM CAT> <FINEST> <NodeManager> <Environment: LS_COLORS=rs=0:di=01;34:ln=01;36:mh=00:pi=40;33:so=01;35:do=01;35:bd=40;33;01:cd=40;33;01:or=40;31;01:mi=01;05;37;41:su=37;41:sg=30;43:ca=30;41:tw=30;42:ow=34;42:st=37;44:ex=01;32:*.tar=01;31:*.tgz=01;31:*.arc=01;31:*.arj=01;31:*.taz=01;31:*.lha=01;31:*.lz4=01;31:*.lzh=01;31:*.lzma=01;31:*.tlz=01;31:*.txz=01;31:*.tzo=01;31:*.t7z=01;31:*.zip=01;31:*.z=01;31:*.Z=01;31:*.dz=01;31:*.gz=01;31:*.lrz=01;31:*.lz=01;31:*.lzo=01;31:*.xz=01;31:*.bz2=01;31:*.bz=01;31:*.tbz=01;31:*.tbz2=01;31:*.tz=01;31:*.deb=01;31:*.rpm=01;31:*.jar=01;31:*.war=01;31:*.ear=01;31:*.sar=01;31:*.rar=01;31:*.alz=01;31:*.ace=01;31:*.zoo=01;31:*.cpio=01;31:*.7z=01;31:*.rz=01;31:*.cab=01;31:*.jpg=01;35:*.jpeg=01;35:*.gif=01;35:*.bmp=01;35:*.pbm=01;35:*.pgm=01;35:*.ppm=01;35:*.tga=01;35:*.xbm=01;35:*.xpm=01;35:*.tif=01;35:*.tiff=01;35:*.png=01;35:*.svg=01;35:*.svgz=01;35:*.mng=01;35:*.pcx=01;35:*.mov=01;35:*.mpg=01;35:*.mpeg=01;35:*.m2v=01;35:*.mkv=01;35:*.webm=01;35:*.ogm=01;35:*.mp4=01;35:*.m4v=01;35:*.mp4v=01;35:*.vob=01;35:*.qt=01;35:*.nuv=01;35:*.wmv=01;35:*.asf=01;35:*.rm=01;35:*.rmvb=01;35:*.flc=01;35:*.avi=01;35:*.fli=01;35:*.flv=01;35:*.gl=01;35:*.dl=01;35:*.xcf=01;35:*.xwd=01;35:*.yuv=01;35:*.cgm=01;35:*.emf=01;35:*.axv=01;35:*.anx=01;35:*.ogv=01;35:*.ogx=01;35:*.aac=01;36:*.au=01;36:*.flac=01;36:*.mid=01;36:*.midi=01;36:*.mka=01;36:*.mp3=01;36:*.mpc=01;36:*.ogg=01;36:*.ra=01;36:*.wav=01;36:*.axa=01;36:*.oga=01;36:*.spx=01;36:*.xspf=01;36:>
<Jan 27, 2025 12:08:26 PM CAT> <FINEST> <NodeManager> <Environment: SHLVL=4>
<Jan 27, 2025 12:08:26 PM CAT> <FINEST> <NodeManager> <Environment: QT_PLUGIN_PATH=/usr/lib64/kde4/plugins:/usr/lib/kde4/plugins>
<Jan 27, 2025 12:08:26 PM CAT> <FINEST> <NodeManager> <Environment: SECURITY_JVM_ARGS=-Dweblogic.alternateTypesDirectory='/u01/BEA/wlserver/..'/oracle_common/modules/oracle.oamprovider,'/u01/BEA/wlserver/..'/oracle_common/modules/oracle.jps>
<Jan 27, 2025 12:08:26 PM CAT> <FINEST> <NodeManager> <Environment: HISTSIZE=1000>
<Jan 27, 2025 12:08:26 PM CAT> <FINEST> <NodeManager> <Environment: DERBY_SYSTEM_HOME=/u01/BEA/user_projects/domains/ClassicDomain/common/db>
<Jan 27, 2025 12:08:26 PM CAT> <FINEST> <NodeManager> <Environment: JAVA_HOME=/usr/java/jdk1.8.0_161>
<Jan 27, 2025 12:08:26 PM CAT> <FINEST> <NodeManager> <Environment: TMP_UPDATE_SCRIPT=/tmp/Update.sh>
<Jan 27, 2025 12:08:26 PM CAT> <FINEST> <NodeManager> <Environment: TERM=vt220>
<Jan 27, 2025 12:08:26 PM CAT> <FINEST> <NodeManager> <Environment: LANG=en_US.UTF-8>
<Jan 27, 2025 12:08:26 PM CAT> <FINEST> <NodeManager> <Environment: NODEMGR_HOME=/u01/BEA/user_projects/domains/ClassicDomain/nodemanager>
<Jan 27, 2025 12:08:26 PM CAT> <FINEST> <NodeManager> <Environment: TERMID=/dev/pts/0>
<Jan 27, 2025 12:08:26 PM CAT> <FINEST> <NodeManager> <Environment: XDG_SESSION_ID=3549>
<Jan 27, 2025 12:08:26 PM CAT> <FINEST> <NodeManager> <Environment: JAVA_XLS=/u01/BEA/oracle_common/jdk/bin>
<Jan 27, 2025 12:08:26 PM CAT> <FINEST> <NodeManager> <Environment: ORAKITPATH=.>
<Jan 27, 2025 12:08:26 PM CAT> <FINEST> <NodeManager> <Environment: MENU5PATH=.:/u01/BEA/forms30/admin/resource>
<Jan 27, 2025 12:08:26 PM CAT> <FINEST> <NodeManager> <Environment: ORAPIPES=V2>
<Jan 27, 2025 12:08:26 PM CAT> <FINEST> <NodeManager> <Environment: FORMS_CONF=/u01/BEA/user_projects/domains/ClassicDomain/config/fmwconfig/servers/WLS_FORMS/applications/formsapp_12.2.1/config>
<Jan 27, 2025 12:08:26 PM CAT> <FINEST> <NodeManager> <Environment: SERVER_NAME=AdminServer>
<Jan 27, 2025 12:08:26 PM CAT> <FINEST> <NodeManager> <Environment: ORACLE_HOME=/u01/BEA>
<Jan 27, 2025 12:08:26 PM CAT> <FINEST> <NodeManager> <Environment: _=/usr/java/jdk1.8.0_161/bin/java>
<Jan 27, 2025 12:08:26 PM CAT> <FINEST> <NodeManager> <Environment: MIDDLEWARE_HOME=/u01/BEA/wlserver>
<Jan 27, 2025 12:08:26 PM CAT> <FINEST> <NodeManager> <Environment: stat=OFFLINE>
<Jan 27, 2025 12:08:26 PM CAT> <FINEST> <NodeManager> <Environment: PATHSEP=:>
<Jan 27, 2025 12:08:26 PM CAT> <FINEST> <NodeManager> <Environment: CAM_NODEMANAGER_JAR_PATH=/u01/BEA/wlserver/modules/features/oracle.wls.common.nodemanager.jar>
<Jan 27, 2025 12:08:26 PM CAT> <FINEST> <NodeManager> <Environment: TWO_TASK=server.world>
<Jan 27, 2025 12:08:26 PM CAT> <FINEST> <NodeManager> <Environment: term_id=pt>
<Jan 27, 2025 12:08:26 PM CAT> <FINEST> <NodeManager> <Environment: USER=thin>
<Jan 27, 2025 12:08:26 PM CAT> <FINEST> <NodeManager> <Environment: DOMAIN_NAME=ClassicDomain>
<Jan 27, 2025 12:08:26 PM CAT> <FINEST> <NodeManager> <Environment: NLS_LANG=AMERICAN_AMERICA.AR8MSWIN1256>
<Jan 27, 2025 12:08:26 PM CAT> <FINEST> <NodeManager> <Environment: CLASSPATH=/usr/java/jdk1.8.0_161/lib/tools.jar:/u01/BEA/oracle_common/modules/oracle.jps/jps-manifest.jar>
<Jan 27, 2025 12:08:26 PM CAT> <FINEST> <NodeManager> <Environment: DEFAULT_BEA_JAVA_HOME=>
<Jan 27, 2025 12:08:26 PM CAT> <FINEST> <NodeManager> <Environment: FORMS_INSTANCE=/u01/BEA/user_projects/domains/ClassicDomain/config/fmwconfig/components/FORMS/instances/forms1>
<Jan 27, 2025 12:08:26 PM CAT> <FINEST> <NodeManager> <Environment: SUN_JAVA_HOME=/usr/java/jdk1.8.0_161>
<Jan 27, 2025 12:08:26 PM CAT> <FINEST> <NodeManager> <Environment: HOSTNAME=gtbtestapp1>
<Jan 27, 2025 12:08:26 PM CAT> <FINEST> <NodeManager> <Environment: ORATERMPATH=.:/u01/BEA/forms30/admin/resource>
<Jan 27, 2025 12:08:26 PM CAT> <FINEST> <NodeManager> <Environment: QTDIR=/usr/lib64/qt-3.3>
<Jan 27, 2025 12:08:26 PM CAT> <FINEST> <NodeManager> <Environment: CLASSPATHSEP=:>
<Jan 27, 2025 12:08:26 PM CAT> <FINEST> <NodeManager> <Environment: KDEDIRS=/usr>
<Jan 27, 2025 12:08:26 PM CAT> <FINEST> <NodeManager> <Environment: QTLIB=/usr/lib64/qt-3.3/lib>
<Jan 27, 2025 12:08:26 PM CAT> <FINEST> <NodeManager> <Environment: HOME=/home/bankthin>
<Jan 27, 2025 12:08:26 PM CAT> <FINEST> <NodeManager> <Environment: UTILS_MEM_ARGS=-Xms32m -Xmx1024m>
<Jan 27, 2025 12:08:26 PM CAT> <INFO> <NodeManager> <Working directory is '/u01/BEA/user_projects/domains/ClassicDomain'>
<Jan 27, 2025 12:08:26 PM CAT> <INFO> <NodeManager> <Server output log file is '/u01/BEA/user_projects/domains/ClassicDomain/servers/AdminServer/logs/AdminServer.out'>
.
.
JAVA Memory arguments: -Xms512m -Xmx1024m
.
CLASSPATH=/u01/BEA/oracle_common/modules/features/com.oracle.db.jdbc7-dms.jar:/usr/java/jdk1.8.0_161/lib/tools.jar:/u01/BEA/wlserver/server/lib/weblogic.jar:/u01/BEA/wlserver/../oracle_common/modules/thirdparty/ant-contrib-1.0b3.jar:/u01/BEA/wlserver/modules/features/oracle.wls.common.nodemanager.jar:/u01/BEA/wlserver/../oracle_common/modules/thirdparty/features/commons-configuration2.jar:/u01/BEA/wlserver/../oracle_common/modules/thirdparty/features/commons-lang3.jar:/u01/BEA/wlserver/../oracle_common/modules/thirdparty/features/commons-logging.jar:/u01/BEA/wlserver/../oracle_common/modules/thirdparty/features/commons-beanutils.jar:/u01/BEA/oracle_common/modules/oracle.jps/jps-manifest.jar:/u01/BEA/oracle_common/modules/internal/features/jrf_wlsFmw_oracle.jrf.wls.classpath.jar::/u01/BEA/wlserver/common/derby/lib/derbynet.jar:/u01/BEA/wlserver/common/derby/lib/derbyclient.jar:/u01/BEA/wlserver/common/derby/lib/derby.jar:/usr/java/jdk1.8.0_161/lib/tools.jar:/u01/BEA/oracle_common/modules/oracle.jps/jps-manifest.jar
.
PATH=/u01/BEA/ReportsToolsComponent/../oui/lib/win64:/u01/BEA/user_projects/domains/ClassicDomain/bin:/u01/BEA/wlserver/server/bin:/u01/BEA/wlserver/../oracle_common/modules/thirdparty/org.apache.ant/1.9.8.0.0/apache-ant-1.9.8/bin:/usr/java/jdk1.8.0_161/jre/bin:/usr/java/jdk1.8.0_161/bin:/usr/java/jdk1.8.0_161/jre/bin:/usr/java/jdk1.8.0_161/bin:/u01/BEA/ReportsToolsComponent/../oui/lib/win64:.:/usr/bin:.:/home/bankthin:/usr/lib64/qt-3.3/bin:/usr/local/bin:/bin:/usr/bin:/usr/local/sbin:/usr/sbin:/u01/BEA/bin:/u01/BEA/user_projects/domains/ClassicDomain/bin:.:/usr/users/lbin:/usr/bankdba:/sbin:/usr/hosts:/bsystem:/dev:.
.
***************************************************
*  To start WebLogic Server, use a username and   *
*  password assigned to an admin-level user.  For *
*  server administration, use the WebLogic Server *
*  console at http://hostname:port/console        *
***************************************************
Starting WLS with line:
/usr/java/jdk1.8.0_161/bin/java -server   -Xms512m -Xmx1024m -cp /u01/BEA/wlserver/server/lib/weblogic-launcher.jar -Dlaunch.use.env.classpath=true -Dweblogic.Name=AdminServer -Djava.security.policy=/u01/BEA/wlserver/server/lib/weblogic.policy  -Dweblogic.ProductionModeEnabled=true -Dweblogic.system.BootIdentityFile=/u01/BEA/user_projects/domains/ClassicDomain/servers/AdminServer/security/boot.properties -Dweblogic.nodemanager.ServiceEnabled=true -Dweblogic.nmservice.RotationEnabled=true -Djava.system.class.loader=com.oracle.classloader.weblogic.LaunchClassLoader -Djava.protocol.handler.pkgs=oracle.mds.net.protocol -Dopss.version=12.2.1.3 -Digf.arisidbeans.carmlloc=/u01/BEA/user_projects/domains/ClassicDomain/config/fmwconfig/carml -Digf.arisidstack.home=/u01/BEA/user_projects/domains/ClassicDomain/config/fmwconfig/arisidprovider -Doracle.security.jps.config=/u01/BEA/user_projects/domains/ClassicDomain/config/fmwconfig/jps-config.xml -Doracle.deployed.app.dir=/u01/BEA/user_projects/domains/ClassicDomain/servers/AdminServer/tmp/_WL_user -Doracle.deployed.app.ext=/- -Dweblogic.alternateTypesDirectory=/u01/BEA/oracle_common/modules/oracle.ossoiap,/u01/BEA/oracle_common/modules/oracle.oamprovider,/u01/BEA/oracle_common/modules/oracle.jps -Doracle.mds.filestore.preferred= -Dadf.version=12.2.1.3.0 -Dweblogic.jdbc.remoteEnabled=true -Dcommon.components.home=/u01/BEA/oracle_common -Djrf.version=12.2.2 -Dorg.apache.commons.logging.Log=org.apache.commons.logging.impl.Jdk14Logger -Ddomain.home=/u01/BEA/user_projects/domains/ClassicDomain -Doracle.server.config.dir=/u01/BEA/user_projects/domains/ClassicDomain/config/fmwconfig/servers/AdminServer -Doracle.domain.config.dir=/u01/BEA/user_projects/domains/ClassicDomain/config/fmwconfig -Dforms.product.home=/u01/BEA/forms -Dohs.product.home=/u01/BEA/ohs -Dreports.tools.product.home=/u01/BEA/ReportsToolsComponent -Dreports.server.product.home=/u01/BEA/ReportsServerComponent  -javaagent:/u01/BEA/wlserver/server/lib/debugpatch-agent.jar -da -Dwls.home=/u01/BEA/wlserver/server -Dweblogic.home=/u01/BEA/wlserver/server  -Djavax.management.builder.initial=weblogic.management.jmx.mbeanserver.WLSMBeanServerBuilder  -Dem.oracle.home=/u01/BEA/em -DINSTANCE_HOME=/u01/BEA/user_projects/domains/ClassicDomain -Djava.awt.headless=true -Doracle.sysman.util.logging.mode=dual_mode -Doracle.forms.weblogic=1   -Djava.util.logging.manager=oracle.core.ojdl.logging.ODLLogManager  weblogic.Server
<Jan 27, 2025 12:08:27 PM CAT> <Info> <Security> <BEA-090905> <Disabling the CryptoJ JCE Provider self-integrity check for better startup performance. To enable this check, specify -Dweblogic.security.allowCryptoJDefaultJCEVerification=true.> 
<Jan 27, 2025 12:08:27 PM CAT> <Info> <Security> <BEA-090906> <Changing the default Random Number Generator in RSA CryptoJ from ECDRBG128 to HMACDRBG. To disable this change, specify -Dweblogic.security.allowCryptoJDefaultPRNG=true.> 
<Jan 27, 2025 12:08:28 PM CAT> <Info> <WebLogicServer> <BEA-000377> <Starting WebLogic Server with Java HotSpot(TM) 64-Bit Server VM Version 25.161-b12 from Oracle Corporation.> 
Jan 27, 2025 12:08:28 PM oracle.security.jps.wls.JpsBootStrapService start
INFO: JPS bootstrap service started.
<Jan 27, 2025 12:08:28 PM CAT> <Info> <RCM> <BEA-2165021> <"ResourceManagement" is not enabled in this JVM. Enable "ResourceManagement" to use the WebLogic Server "Resource Consumption Management" feature. To enable "ResourceManagement", you must specify the following JVM options in the WebLogic Server instance in which the JVM runs: -XX:+UnlockCommercialFeatures -XX:+ResourceManagement.> 
<Jan 27, 2025 12:08:28 PM CAT> <Info> <Management> <BEA-141107> <Version: WebLogic Server 12.2.1.3.0 Thu Aug 17 13:39:49 PDT 2017 1882952> 
<Jan 27, 2025 12:08:30 PM CAT> <Notice> <WebLogicServer> <BEA-000365> <Server state changed to STARTING.> 
<Jan 27, 2025 12:08:30 PM CAT> <Info> <WorkManager> <BEA-002900> <Initializing self-tuning thread pool.> 
<Jan 27, 2025 12:08:30 PM CAT> <Info> <WorkManager> <BEA-002942> <CMM memory level becomes 0. Setting standby thread pool size to 256.> 
<Jan 27, 2025 12:08:30,414 PM CAT> <Notice> <Log Management> <BEA-170019> <The server log file weblogic.logging.FileStreamHandler instance=1859125979
Current log file=/u01/BEA/user_projects/domains/ClassicDomain/servers/AdminServer/logs/AdminServer.log
Rotation dir=/u01/BEA/user_projects/domains/ClassicDomain/servers/AdminServer/logs
 is opened. All server side log events will be written to this file.> 
Jan 27, 2025 12:08:30 PM oracle.security.jps.wls.JpsDefaultService start
INFO: JPS default service started.
Jan 27, 2025 12:08:30 PM oracle.security.jps.JpsStartup startWithRetry
INFO: Jps initializing.
<Jan 27, 2025 12:08:30,634 PM CAT> <Error> <EmbeddedLDAP> <BEA-000000> <Error opening the Transaction Log: /u01/BEA/user_projects/domains/ClassicDomain/servers/AdminServer/data/ldap/ldapfiles/EmbeddedLDAP.tran (Permission denied)> 
<Jan 27, 2025 12:08:30,644 PM CAT> <Error> <EmbeddedLDAP> <BEA-000000> <Error Instantiating 'dc=ClassicDomain': null> 
<Jan 27, 2025 12:08:30,649 PM CAT> <Critical> <EmbeddedLDAP> <BEA-171522> <An error occurred while initializing the embedded LDAP server. The exception that occurred is java.lang.ClassCastException: com.octetstring.vde.backend.BackendRoot cannot be cast to com.octetstring.vde.backend.standard.BackendStandard. This may indicate a problem with the data files for the embedded LDAP server. If the problem is with the data files, and it cannot be corrected, backups of previous versions of the data files exist in /u01/BEA/user_projects/domains/ClassicDomain/servers/AdminServer/data/ldap/backup.> 
Jan 27, 2025 12:08:31 PM oracle.security.jps.internal.idstore.util.LibOvdUtil pushLdapNamesToLibOvd
INFO: Pushed ldap name and types info to libOvd. Ldaps : DefaultAuthenticator:idstore.ldap.provideridstore.ldap.
Jan 27, 2025 12:08:31 PM oracle.security.jps.internal.policystore.util.JpsDataManagerUtil getDBConnection
WARNING: Can not connect DB with URL jdbc:oracle:thin:@//gtbtestdb1:1598/WLS_REP.WORLD4
java.sql.SQLRecoverableException: Listener refused the connection with the following error:
ORA-12514, TNS:listener does not currently know of service requested in connect descriptor
 
	at oracle.jdbc.driver.T4CConnection.logon(T4CConnection.java:775)
	at oracle.jdbc.driver.PhysicalConnection.connect(PhysicalConnection.java:833)
	at oracle.jdbc.driver.T4CDriverExtension.getConnection(T4CDriverExtension.java:40)
	at oracle.jdbc.driver.OracleDriver.connect(OracleDriver.java:704)
	at java.sql.DriverManager.getConnection(DriverManager.java:664)
	at java.sql.DriverManager.getConnection(DriverManager.java:247)
	at oracle.security.jps.internal.policystore.util.JpsDataManagerUtil.getDBConnection(JpsDataManagerUtil.java:400)
	at oracle.security.jps.internal.policystore.util.JpsDataManagerUtil.isNewSchema(JpsDataManagerUtil.java:249)
	at oracle.security.jps.internal.core.datamanager.DataManagerFactoryImpl.isNewSchema(DataManagerFactoryImpl.java:252)
	at oracle.security.jps.internal.core.datamanager.DataManagerFactoryImpl.getDBDataManager(DataManagerFactoryImpl.java:319)
	at oracle.security.jps.internal.core.datamanager.DataManagerFactoryImpl.getDataManager(DataManagerFactoryImpl.java:186)
	at oracle.security.jps.internal.core.datamanager.DataManagerFactoryImpl.getDataManager(DataManagerFactoryImpl.java:137)
	at oracle.security.jps.internal.common.config.AbstractSecurityStore.createDataManager(AbstractSecurityStore.java:96)
	at oracle.security.jps.internal.common.config.AbstractSecurityStore.getSecurityStoreVersionInternal(AbstractSecurityStore.java:164)
	at oracle.security.jps.internal.common.config.AbstractSecurityStore.getSecurityStoreVersion(AbstractSecurityStore.java:146)
	at oracle.security.jps.internal.credstore.ldap.LdapCredentialStore.init(LdapCredentialStore.java:187)
	at oracle.security.jps.internal.credstore.ldap.LdapCredentialStore.start(LdapCredentialStore.java:1030)
	at oracle.security.opss.internal.runtime.ServiceContextImpl.start(ServiceContextImpl.java:220)
	at oracle.security.opss.internal.runtime.ServiceContextManagerImpl.createDefaultContext(ServiceContextManagerImpl.java:325)
	at oracle.security.opss.internal.runtime.ServiceContextManagerImpl.initialize(ServiceContextManagerImpl.java:242)
	at oracle.security.jps.internal.config.OpssCommonStartup$1.run(OpssCommonStartup.java:166)
	at java.security.AccessController.doPrivileged(Native Method)
	at oracle.security.jps.internal.config.OpssCommonStartup.start(OpssCommonStartup.java:159)
	at oracle.security.jps.wls.JpsWlsStartup.start(JpsWlsStartup.java:105)
	at oracle.security.jps.JpsStartup.startWithRetry(JpsStartup.java:287)
	at oracle.security.jps.JpsStartup.start(JpsStartup.java:252)
	at oracle.security.jps.wls.JpsDefaultService.start(JpsDefaultService.java:92)
	at weblogic.server.AbstractServerService.postConstruct(AbstractServerService.java:76)
	at sun.reflect.GeneratedMethodAccessor2.invoke(Unknown Source)
	at sun.reflect.DelegatingMethodAccessorImpl.invoke(DelegatingMethodAccessorImpl.java:43)
	at java.lang.reflect.Method.invoke(Method.java:498)
	at org.glassfish.hk2.utilities.reflection.ReflectionHelper.invoke(ReflectionHelper.java:1287)
	at org.jvnet.hk2.internal.ClazzCreator.postConstructMe(ClazzCreator.java:333)
	at org.jvnet.hk2.internal.ClazzCreator.create(ClazzCreator.java:375)
	at org.jvnet.hk2.internal.SystemDescriptor.create(SystemDescriptor.java:487)
	at org.glassfish.hk2.runlevel.internal.AsyncRunLevelContext.findOrCreate(AsyncRunLevelContext.java:305)
	at org.glassfish.hk2.runlevel.RunLevelContext.findOrCreate(RunLevelContext.java:85)
	at org.jvnet.hk2.internal.Utilities.createService(Utilities.java:2126)
	at org.jvnet.hk2.internal.ServiceHandleImpl.getService(ServiceHandleImpl.java:116)
	at org.jvnet.hk2.internal.ServiceHandleImpl.getService(ServiceHandleImpl.java:90)
	at org.glassfish.hk2.runlevel.internal.CurrentTaskFuture$QueueRunner.oneJob(CurrentTaskFuture.java:1237)
	at org.glassfish.hk2.runlevel.internal.CurrentTaskFuture$QueueRunner.run(CurrentTaskFuture.java:1168)
	at org.glassfish.hk2.runlevel.internal.CurrentTaskFuture$UpOneLevel.run(CurrentTaskFuture.java:786)
	at weblogic.work.SelfTuningWorkManagerImpl$WorkAdapterImpl.run(SelfTuningWorkManagerImpl.java:670)
	at weblogic.invocation.ComponentInvocationContextManager._runAs(ComponentInvocationContextManager.java:352)
	at weblogic.invocation.ComponentInvocationContextManager.runAs(ComponentInvocationContextManager.java:337)
	at weblogic.work.LivePartitionUtility.doRunWorkUnderContext(LivePartitionUtility.java:57)
	at weblogic.work.PartitionUtility.runWorkUnderContext(PartitionUtility.java:41)
	at weblogic.work.SelfTuningWorkManagerImpl.runWorkUnderContext(SelfTuningWorkManagerImpl.java:644)
	at weblogic.work.ExecuteThread.execute(ExecuteThread.java:415)
	at weblogic.work.ExecuteThread.run(ExecuteThread.java:355)
Caused by: oracle.net.ns.NetException: Listener refused the connection with the following error:
ORA-12514, TNS:listener does not currently know of service requested in connect descriptor
 
	at oracle.net.ns.NSProtocolNIO.negotiateConnection(NSProtocolNIO.java:284)
	at oracle.net.ns.NSProtocol.connect(NSProtocol.java:328)
	at oracle.jdbc.driver.T4CConnection.connect(T4CConnection.java:1439)
	at oracle.jdbc.driver.T4CConnection.logon(T4CConnection.java:519)
	... 50 more

Jan 27, 2025 12:08:31 PM oracle.security.jps.internal.policystore.util.JpsDataManagerUtil getDBConnection
WARNING: Can not connect DB with URL jdbc:oracle:thin:@//gtbtestdb1:1598/WLS_REP.WORLD4
java.sql.SQLRecoverableException: Listener refused the connection with the following error:
ORA-12514, TNS:listener does not currently know of service requested in connect descriptor
 
	at oracle.jdbc.driver.T4CConnection.logon(T4CConnection.java:775)
	at oracle.jdbc.driver.PhysicalConnection.connect(PhysicalConnection.java:833)
	at oracle.jdbc.driver.T4CDriverExtension.getConnection(T4CDriverExtension.java:40)
	at oracle.jdbc.driver.OracleDriver.connect(OracleDriver.java:704)
	at java.sql.DriverManager.getConnection(DriverManager.java:664)
	at java.sql.DriverManager.getConnection(DriverManager.java:247)
	at oracle.security.jps.internal.policystore.util.JpsDataManagerUtil.getDBConnection(JpsDataManagerUtil.java:400)
	at oracle.security.jps.internal.policystore.util.JpsDataManagerUtil.isNewSchema(JpsDataManagerUtil.java:249)
	at oracle.security.jps.internal.core.datamanager.DataManagerFactoryImpl.isNewSchema(DataManagerFactoryImpl.java:252)
	at oracle.security.jps.internal.core.datamanager.DataManagerFactoryImpl.getDBDataManager(DataManagerFactoryImpl.java:319)
	at oracle.security.jps.internal.core.datamanager.DataManagerFactoryImpl.getDataManager(DataManagerFactoryImpl.java:161)
	at oracle.security.jps.internal.credstore.rdbms.CsfDbmsManager.getDataManager(CsfDbmsManager.java:95)
	at oracle.security.jps.internal.credstore.ldap.CsfStoreManager.existsStore(CsfStoreManager.java:298)
	at oracle.security.jps.internal.credstore.ldap.CsfStoreManager.completeInit(CsfStoreManager.java:177)
	at oracle.security.jps.internal.credstore.rdbms.CsfDbmsManager.<init>(CsfDbmsManager.java:91)
	at oracle.security.jps.internal.credstore.rdbms.CsfDbmsManager.createInstance(CsfDbmsManager.java:72)
	at oracle.security.jps.internal.credstore.ldap.CsfStoreManager.getInstance(CsfStoreManager.java:121)
	at oracle.security.jps.internal.credstore.ldap.LdapCredentialStore.init(LdapCredentialStore.java:188)
	at oracle.security.jps.internal.credstore.ldap.LdapCredentialStore.start(LdapCredentialStore.java:1030)
	at oracle.security.opss.internal.runtime.ServiceContextImpl.start(ServiceContextImpl.java:220)
	at oracle.security.opss.internal.runtime.ServiceContextManagerImpl.createDefaultContext(ServiceContextManagerImpl.java:325)
	at oracle.security.opss.internal.runtime.ServiceContextManagerImpl.initialize(ServiceContextManagerImpl.java:242)
	at oracle.security.jps.internal.config.OpssCommonStartup$1.run(OpssCommonStartup.java:166)
	at java.security.AccessController.doPrivileged(Native Method)
	at oracle.security.jps.internal.config.OpssCommonStartup.start(OpssCommonStartup.java:159)
	at oracle.security.jps.wls.JpsWlsStartup.start(JpsWlsStartup.java:105)
	at oracle.security.jps.JpsStartup.startWithRetry(JpsStartup.java:287)
	at oracle.security.jps.JpsStartup.start(JpsStartup.java:252)
	at oracle.security.jps.wls.JpsDefaultService.start(JpsDefaultService.java:92)
	at weblogic.server.AbstractServerService.postConstruct(AbstractServerService.java:76)
	at sun.reflect.GeneratedMethodAccessor2.invoke(Unknown Source)
	at sun.reflect.DelegatingMethodAccessorImpl.invoke(DelegatingMethodAccessorImpl.java:43)
	at java.lang.reflect.Method.invoke(Method.java:498)
	at org.glassfish.hk2.utilities.reflection.ReflectionHelper.invoke(ReflectionHelper.java:1287)
	at org.jvnet.hk2.internal.ClazzCreator.postConstructMe(ClazzCreator.java:333)
	at org.jvnet.hk2.internal.ClazzCreator.create(ClazzCreator.java:375)
	at org.jvnet.hk2.internal.SystemDescriptor.create(SystemDescriptor.java:487)
	at org.glassfish.hk2.runlevel.internal.AsyncRunLevelContext.findOrCreate(AsyncRunLevelContext.java:305)
	at org.glassfish.hk2.runlevel.RunLevelContext.findOrCreate(RunLevelContext.java:85)
	at org.jvnet.hk2.internal.Utilities.createService(Utilities.java:2126)
	at org.jvnet.hk2.internal.ServiceHandleImpl.getService(ServiceHandleImpl.java:116)
	at org.jvnet.hk2.internal.ServiceHandleImpl.getService(ServiceHandleImpl.java:90)
	at org.glassfish.hk2.runlevel.internal.CurrentTaskFuture$QueueRunner.oneJob(CurrentTaskFuture.java:1237)
	at org.glassfish.hk2.runlevel.internal.CurrentTaskFuture$QueueRunner.run(CurrentTaskFuture.java:1168)
	at org.glassfish.hk2.runlevel.internal.CurrentTaskFuture$UpOneLevel.run(CurrentTaskFuture.java:786)
	at weblogic.work.SelfTuningWorkManagerImpl$WorkAdapterImpl.run(SelfTuningWorkManagerImpl.java:670)
	at weblogic.invocation.ComponentInvocationContextManager._runAs(ComponentInvocationContextManager.java:352)
	at weblogic.invocation.ComponentInvocationContextManager.runAs(ComponentInvocationContextManager.java:337)
	at weblogic.work.LivePartitionUtility.doRunWorkUnderContext(LivePartitionUtility.java:57)
	at weblogic.work.PartitionUtility.runWorkUnderContext(PartitionUtility.java:41)
	at weblogic.work.SelfTuningWorkManagerImpl.runWorkUnderContext(SelfTuningWorkManagerImpl.java:644)
	at weblogic.work.ExecuteThread.execute(ExecuteThread.java:415)
	at weblogic.work.ExecuteThread.run(ExecuteThread.java:355)
Caused by: oracle.net.ns.NetException: Listener refused the connection with the following error:
ORA-12514, TNS:listener does not currently know of service requested in connect descriptor
 
	at oracle.net.ns.NSProtocolNIO.negotiateConnection(NSProtocolNIO.java:284)
	at oracle.net.ns.NSProtocol.connect(NSProtocol.java:328)
	at oracle.jdbc.driver.T4CConnection.connect(T4CConnection.java:1439)
	at oracle.jdbc.driver.T4CConnection.logon(T4CConnection.java:519)
	... 52 more

Jan 27, 2025 12:08:31 PM oracle.security.jps.internal.credstore.ldap.LdapCredentialStore init
WARNING: Could not create credential store instance. Reason oracle.security.jps.service.policystore.PolicyStoreConnectivityException: oracle.security.jps.service.policystore.PolicyStoreException: Can not connect DB with URL [jdbc:oracle:thin:@//gtbtestdb1:1598/WLS_REP.WORLD4]
Jan 27, 2025 12:08:31 PM oracle.security.jps.internal.config.OpssCommonStartup start
INFO: Jps startup failed.
Jan 27, 2025 12:08:31 PM oracle.security.jps.JpsStartup startWithRetry
WARNING: Exception occurs during JpsStartup start. Reason oracle.security.jps.JpsException: JPS-01055: Could not create credential store instance. Reason oracle.security.jps.service.policystore.PolicyStoreConnectivityException: oracle.security.jps.service.policystore.PolicyStoreException: Can not connect DB with URL [jdbc:oracle:thin:@//gtbtestdb1:1598/WLS_REP.WORLD4]. Will retry 1 time(s) in next 60 seconds.
Jan 27, 2025 12:08:31 PM oracle.security.jps.internal.config.OpssCommonStartup reset
INFO: Jps is reset.
Jan 27, 2025 12:09:32 PM oracle.security.jps.internal.policystore.util.JpsDataManagerUtil getDBConnection
WARNING: Can not connect DB with URL jdbc:oracle:thin:@//gtbtestdb1:1598/WLS_REP.WORLD4
java.sql.SQLRecoverableException: Listener refused the connection with the following error:
ORA-12514, TNS:listener does not currently know of service requested in connect descriptor
 
	at oracle.jdbc.driver.T4CConnection.logon(T4CConnection.java:775)
	at oracle.jdbc.driver.PhysicalConnection.connect(PhysicalConnection.java:833)
	at oracle.jdbc.driver.T4CDriverExtension.getConnection(T4CDriverExtension.java:40)
	at oracle.jdbc.driver.OracleDriver.connect(OracleDriver.java:704)
	at java.sql.DriverManager.getConnection(DriverManager.java:664)
	at java.sql.DriverManager.getConnection(DriverManager.java:247)
	at oracle.security.jps.internal.policystore.util.JpsDataManagerUtil.getDBConnection(JpsDataManagerUtil.java:400)
	at oracle.security.jps.internal.policystore.util.JpsDataManagerUtil.isNewSchema(JpsDataManagerUtil.java:249)
	at oracle.security.jps.internal.core.datamanager.DataManagerFactoryImpl.isNewSchema(DataManagerFactoryImpl.java:252)
	at oracle.security.jps.internal.core.datamanager.DataManagerFactoryImpl.getDBDataManager(DataManagerFactoryImpl.java:319)
	at oracle.security.jps.internal.core.datamanager.DataManagerFactoryImpl.getDataManager(DataManagerFactoryImpl.java:186)
	at oracle.security.jps.internal.core.datamanager.DataManagerFactoryImpl.getDataManager(DataManagerFactoryImpl.java:137)
	at oracle.security.jps.internal.common.config.AbstractSecurityStore.createDataManager(AbstractSecurityStore.java:96)
	at oracle.security.jps.internal.common.config.AbstractSecurityStore.getSecurityStoreVersionInternal(AbstractSecurityStore.java:164)
	at oracle.security.jps.internal.common.config.AbstractSecurityStore.getSecurityStoreVersion(AbstractSecurityStore.java:146)
	at oracle.security.jps.internal.credstore.ldap.LdapCredentialStore.init(LdapCredentialStore.java:187)
	at oracle.security.jps.internal.credstore.ldap.LdapCredentialStore.start(LdapCredentialStore.java:1030)
	at oracle.security.opss.internal.runtime.ServiceContextImpl.start(ServiceContextImpl.java:220)
	at oracle.security.opss.internal.runtime.ServiceContextManagerImpl.createDefaultContext(ServiceContextManagerImpl.java:325)
	at oracle.security.opss.internal.runtime.ServiceContextManagerImpl.initialize(ServiceContextManagerImpl.java:242)
	at oracle.security.jps.internal.config.OpssCommonStartup$1.run(OpssCommonStartup.java:166)
	at java.security.AccessController.doPrivileged(Native Method)
	at oracle.security.jps.internal.config.OpssCommonStartup.start(OpssCommonStartup.java:159)
	at oracle.security.jps.wls.JpsWlsStartup.start(JpsWlsStartup.java:105)
	at oracle.security.jps.JpsStartup.startWithRetry(JpsStartup.java:287)
	at oracle.security.jps.JpsStartup.start(JpsStartup.java:252)
	at oracle.security.jps.wls.JpsDefaultService.start(JpsDefaultService.java:92)
	at weblogic.server.AbstractServerService.postConstruct(AbstractServerService.java:76)
	at sun.reflect.GeneratedMethodAccessor2.invoke(Unknown Source)
	at sun.reflect.DelegatingMethodAccessorImpl.invoke(DelegatingMethodAccessorImpl.java:43)
	at java.lang.reflect.Method.invoke(Method.java:498)
	at org.glassfish.hk2.utilities.reflection.ReflectionHelper.invoke(ReflectionHelper.java:1287)
	at org.jvnet.hk2.internal.ClazzCreator.postConstructMe(ClazzCreator.java:333)
	at org.jvnet.hk2.internal.ClazzCreator.create(ClazzCreator.java:375)
	at org.jvnet.hk2.internal.SystemDescriptor.create(SystemDescriptor.java:487)
	at org.glassfish.hk2.runlevel.internal.AsyncRunLevelContext.findOrCreate(AsyncRunLevelContext.java:305)
	at org.glassfish.hk2.runlevel.RunLevelContext.findOrCreate(RunLevelContext.java:85)
	at org.jvnet.hk2.internal.Utilities.createService(Utilities.java:2126)
	at org.jvnet.hk2.internal.ServiceHandleImpl.getService(ServiceHandleImpl.java:116)
	at org.jvnet.hk2.internal.ServiceHandleImpl.getService(ServiceHandleImpl.java:90)
	at org.glassfish.hk2.runlevel.internal.CurrentTaskFuture$QueueRunner.oneJob(CurrentTaskFuture.java:1237)
	at org.glassfish.hk2.runlevel.internal.CurrentTaskFuture$QueueRunner.run(CurrentTaskFuture.java:1168)
	at org.glassfish.hk2.runlevel.internal.CurrentTaskFuture$UpOneLevel.run(CurrentTaskFuture.java:786)
	at weblogic.work.SelfTuningWorkManagerImpl$WorkAdapterImpl.run(SelfTuningWorkManagerImpl.java:670)
	at weblogic.invocation.ComponentInvocationContextManager._runAs(ComponentInvocationContextManager.java:352)
	at weblogic.invocation.ComponentInvocationContextManager.runAs(ComponentInvocationContextManager.java:337)
	at weblogic.work.LivePartitionUtility.doRunWorkUnderContext(LivePartitionUtility.java:57)
	at weblogic.work.PartitionUtility.runWorkUnderContext(PartitionUtility.java:41)
	at weblogic.work.SelfTuningWorkManagerImpl.runWorkUnderContext(SelfTuningWorkManagerImpl.java:644)
	at weblogic.work.ExecuteThread.execute(ExecuteThread.java:415)
	at weblogic.work.ExecuteThread.run(ExecuteThread.java:355)
Caused by: oracle.net.ns.NetException: Listener refused the connection with the following error:
ORA-12514, TNS:listener does not currently know of service requested in connect descriptor
 
	at oracle.net.ns.NSProtocolNIO.negotiateConnection(NSProtocolNIO.java:284)
	at oracle.net.ns.NSProtocol.connect(NSProtocol.java:328)
	at oracle.jdbc.driver.T4CConnection.connect(T4CConnection.java:1439)
	at oracle.jdbc.driver.T4CConnection.logon(T4CConnection.java:519)
	... 50 more

Jan 27, 2025 12:09:32 PM oracle.security.jps.internal.policystore.util.JpsDataManagerUtil getDBConnection
WARNING: Can not connect DB with URL jdbc:oracle:thin:@//gtbtestdb1:1598/WLS_REP.WORLD4
java.sql.SQLRecoverableException: Listener refused the connection with the following error:
ORA-12514, TNS:listener does not currently know of service requested in connect descriptor
 
	at oracle.jdbc.driver.T4CConnection.logon(T4CConnection.java:775)
	at oracle.jdbc.driver.PhysicalConnection.connect(PhysicalConnection.java:833)
	at oracle.jdbc.driver.T4CDriverExtension.getConnection(T4CDriverExtension.java:40)
	at oracle.jdbc.driver.OracleDriver.connect(OracleDriver.java:704)
	at java.sql.DriverManager.getConnection(DriverManager.java:664)
	at java.sql.DriverManager.getConnection(DriverManager.java:247)
	at oracle.security.jps.internal.policystore.util.JpsDataManagerUtil.getDBConnection(JpsDataManagerUtil.java:400)
	at oracle.security.jps.internal.policystore.util.JpsDataManagerUtil.isNewSchema(JpsDataManagerUtil.java:249)
	at oracle.security.jps.internal.core.datamanager.DataManagerFactoryImpl.isNewSchema(DataManagerFactoryImpl.java:252)
	at oracle.security.jps.internal.core.datamanager.DataManagerFactoryImpl.getDBDataManager(DataManagerFactoryImpl.java:319)
	at oracle.security.jps.internal.core.datamanager.DataManagerFactoryImpl.getDataManager(DataManagerFactoryImpl.java:161)
	at oracle.security.jps.internal.credstore.rdbms.CsfDbmsManager.getDataManager(CsfDbmsManager.java:95)
	at oracle.security.jps.internal.credstore.ldap.CsfStoreManager.existsStore(CsfStoreManager.java:298)
	at oracle.security.jps.internal.credstore.ldap.CsfStoreManager.completeInit(CsfStoreManager.java:177)
	at oracle.security.jps.internal.credstore.rdbms.CsfDbmsManager.<init>(CsfDbmsManager.java:91)
	at oracle.security.jps.internal.credstore.rdbms.CsfDbmsManager.createInstance(CsfDbmsManager.java:72)
	at oracle.security.jps.internal.credstore.ldap.CsfStoreManager.getInstance(CsfStoreManager.java:121)
	at oracle.security.jps.internal.credstore.ldap.LdapCredentialStore.init(LdapCredentialStore.java:188)
	at oracle.security.jps.internal.credstore.ldap.LdapCredentialStore.start(LdapCredentialStore.java:1030)
	at oracle.security.opss.internal.runtime.ServiceContextImpl.start(ServiceContextImpl.java:220)
	at oracle.security.opss.internal.runtime.ServiceContextManagerImpl.createDefaultContext(ServiceContextManagerImpl.java:325)
	at oracle.security.opss.internal.runtime.ServiceContextManagerImpl.initialize(ServiceContextManagerImpl.java:242)
	at oracle.security.jps.internal.config.OpssCommonStartup$1.run(OpssCommonStartup.java:166)
	at java.security.AccessController.doPrivileged(Native Method)
	at oracle.security.jps.internal.config.OpssCommonStartup.start(OpssCommonStartup.java:159)
	at oracle.security.jps.wls.JpsWlsStartup.start(JpsWlsStartup.java:105)
	at oracle.security.jps.JpsStartup.startWithRetry(JpsStartup.java:287)
	at oracle.security.jps.JpsStartup.start(JpsStartup.java:252)
	at oracle.security.jps.wls.JpsDefaultService.start(JpsDefaultService.java:92)
	at weblogic.server.AbstractServerService.postConstruct(AbstractServerService.java:76)
	at sun.reflect.GeneratedMethodAccessor2.invoke(Unknown Source)
	at sun.reflect.DelegatingMethodAccessorImpl.invoke(DelegatingMethodAccessorImpl.java:43)
	at java.lang.reflect.Method.invoke(Method.java:498)
	at org.glassfish.hk2.utilities.reflection.ReflectionHelper.invoke(ReflectionHelper.java:1287)
	at org.jvnet.hk2.internal.ClazzCreator.postConstructMe(ClazzCreator.java:333)
	at org.jvnet.hk2.internal.ClazzCreator.create(ClazzCreator.java:375)
	at org.jvnet.hk2.internal.SystemDescriptor.create(SystemDescriptor.java:487)
	at org.glassfish.hk2.runlevel.internal.AsyncRunLevelContext.findOrCreate(AsyncRunLevelContext.java:305)
	at org.glassfish.hk2.runlevel.RunLevelContext.findOrCreate(RunLevelContext.java:85)
	at org.jvnet.hk2.internal.Utilities.createService(Utilities.java:2126)
	at org.jvnet.hk2.internal.ServiceHandleImpl.getService(ServiceHandleImpl.java:116)
	at org.jvnet.hk2.internal.ServiceHandleImpl.getService(ServiceHandleImpl.java:90)
	at org.glassfish.hk2.runlevel.internal.CurrentTaskFuture$QueueRunner.oneJob(CurrentTaskFuture.java:1237)
	at org.glassfish.hk2.runlevel.internal.CurrentTaskFuture$QueueRunner.run(CurrentTaskFuture.java:1168)
	at org.glassfish.hk2.runlevel.internal.CurrentTaskFuture$UpOneLevel.run(CurrentTaskFuture.java:786)
	at weblogic.work.SelfTuningWorkManagerImpl$WorkAdapterImpl.run(SelfTuningWorkManagerImpl.java:670)
	at weblogic.invocation.ComponentInvocationContextManager._runAs(ComponentInvocationContextManager.java:352)
	at weblogic.invocation.ComponentInvocationContextManager.runAs(ComponentInvocationContextManager.java:337)
	at weblogic.work.LivePartitionUtility.doRunWorkUnderContext(LivePartitionUtility.java:57)
	at weblogic.work.PartitionUtility.runWorkUnderContext(PartitionUtility.java:41)
	at weblogic.work.SelfTuningWorkManagerImpl.runWorkUnderContext(SelfTuningWorkManagerImpl.java:644)
	at weblogic.work.ExecuteThread.execute(ExecuteThread.java:415)
	at weblogic.work.ExecuteThread.run(ExecuteThread.java:355)
Caused by: oracle.net.ns.NetException: Listener refused the connection with the following error:
ORA-12514, TNS:listener does not currently know of service requested in connect descriptor
 
	at oracle.net.ns.NSProtocolNIO.negotiateConnection(NSProtocolNIO.java:284)
	at oracle.net.ns.NSProtocol.connect(NSProtocol.java:328)
	at oracle.jdbc.driver.T4CConnection.connect(T4CConnection.java:1439)
	at oracle.jdbc.driver.T4CConnection.logon(T4CConnection.java:519)
	... 52 more

Jan 27, 2025 12:09:32 PM oracle.security.jps.internal.credstore.ldap.LdapCredentialStore init
WARNING: Could not create credential store instance. Reason oracle.security.jps.service.policystore.PolicyStoreConnectivityException: oracle.security.jps.service.policystore.PolicyStoreException: Can not connect DB with URL [jdbc:oracle:thin:@//gtbtestdb1:1598/WLS_REP.WORLD4]
Jan 27, 2025 12:09:32 PM oracle.security.jps.internal.config.OpssCommonStartup start
INFO: Jps startup failed.
Jan 27, 2025 12:09:32 PM oracle.security.jps.JpsStartup startWithRetry
WARNING: Exception occurs during JpsStartup start. Reason oracle.security.jps.JpsException: JPS-01055: Could not create credential store instance. Reason oracle.security.jps.service.policystore.PolicyStoreConnectivityException: oracle.security.jps.service.policystore.PolicyStoreException: Can not connect DB with URL [jdbc:oracle:thin:@//gtbtestdb1:1598/WLS_REP.WORLD4]. Will retry 2 time(s) in next 60 seconds.
Jan 27, 2025 12:09:32 PM oracle.security.jps.internal.config.OpssCommonStartup reset
INFO: Jps is reset.
Jan 27, 2025 12:10:32 PM oracle.security.jps.internal.policystore.util.JpsDataManagerUtil getDBConnection
WARNING: Can not connect DB with URL jdbc:oracle:thin:@//gtbtestdb1:1598/WLS_REP.WORLD4
java.sql.SQLRecoverableException: Listener refused the connection with the following error:
ORA-12514, TNS:listener does not currently know of service requested in connect descriptor
 
	at oracle.jdbc.driver.T4CConnection.logon(T4CConnection.java:775)
	at oracle.jdbc.driver.PhysicalConnection.connect(PhysicalConnection.java:833)
	at oracle.jdbc.driver.T4CDriverExtension.getConnection(T4CDriverExtension.java:40)
	at oracle.jdbc.driver.OracleDriver.connect(OracleDriver.java:704)
	at java.sql.DriverManager.getConnection(DriverManager.java:664)
	at java.sql.DriverManager.getConnection(DriverManager.java:247)
	at oracle.security.jps.internal.policystore.util.JpsDataManagerUtil.getDBConnection(JpsDataManagerUtil.java:400)
	at oracle.security.jps.internal.policystore.util.JpsDataManagerUtil.isNewSchema(JpsDataManagerUtil.java:249)
	at oracle.security.jps.internal.core.datamanager.DataManagerFactoryImpl.isNewSchema(DataManagerFactoryImpl.java:252)
	at oracle.security.jps.internal.core.datamanager.DataManagerFactoryImpl.getDBDataManager(DataManagerFactoryImpl.java:319)
	at oracle.security.jps.internal.core.datamanager.DataManagerFactoryImpl.getDataManager(DataManagerFactoryImpl.java:186)
	at oracle.security.jps.internal.core.datamanager.DataManagerFactoryImpl.getDataManager(DataManagerFactoryImpl.java:137)
	at oracle.security.jps.internal.common.config.AbstractSecurityStore.createDataManager(AbstractSecurityStore.java:96)
	at oracle.security.jps.internal.common.config.AbstractSecurityStore.getSecurityStoreVersionInternal(AbstractSecurityStore.java:164)
	at oracle.security.jps.internal.common.config.AbstractSecurityStore.getSecurityStoreVersion(AbstractSecurityStore.java:146)
	at oracle.security.jps.internal.credstore.ldap.LdapCredentialStore.init(LdapCredentialStore.java:187)
	at oracle.security.jps.internal.credstore.ldap.LdapCredentialStore.start(LdapCredentialStore.java:1030)
	at oracle.security.opss.internal.runtime.ServiceContextImpl.start(ServiceContextImpl.java:220)
	at oracle.security.opss.internal.runtime.ServiceContextManagerImpl.createDefaultContext(ServiceContextManagerImpl.java:325)
	at oracle.security.opss.internal.runtime.ServiceContextManagerImpl.initialize(ServiceContextManagerImpl.java:242)
	at oracle.security.jps.internal.config.OpssCommonStartup$1.run(OpssCommonStartup.java:166)
	at java.security.AccessController.doPrivileged(Native Method)
	at oracle.security.jps.internal.config.OpssCommonStartup.start(OpssCommonStartup.java:159)
	at oracle.security.jps.wls.JpsWlsStartup.start(JpsWlsStartup.java:105)
	at oracle.security.jps.JpsStartup.startWithRetry(JpsStartup.java:287)
	at oracle.security.jps.JpsStartup.start(JpsStartup.java:252)
	at oracle.security.jps.wls.JpsDefaultService.start(JpsDefaultService.java:92)
	at weblogic.server.AbstractServerService.postConstruct(AbstractServerService.java:76)
	at sun.reflect.GeneratedMethodAccessor2.invoke(Unknown Source)
	at sun.reflect.DelegatingMethodAccessorImpl.invoke(DelegatingMethodAccessorImpl.java:43)
	at java.lang.reflect.Method.invoke(Method.java:498)
	at org.glassfish.hk2.utilities.reflection.ReflectionHelper.invoke(ReflectionHelper.java:1287)
	at org.jvnet.hk2.internal.ClazzCreator.postConstructMe(ClazzCreator.java:333)
	at org.jvnet.hk2.internal.ClazzCreator.create(ClazzCreator.java:375)
	at org.jvnet.hk2.internal.SystemDescriptor.create(SystemDescriptor.java:487)
	at org.glassfish.hk2.runlevel.internal.AsyncRunLevelContext.findOrCreate(AsyncRunLevelContext.java:305)
	at org.glassfish.hk2.runlevel.RunLevelContext.findOrCreate(RunLevelContext.java:85)
	at org.jvnet.hk2.internal.Utilities.createService(Utilities.java:2126)
	at org.jvnet.hk2.internal.ServiceHandleImpl.getService(ServiceHandleImpl.java:116)
	at org.jvnet.hk2.internal.ServiceHandleImpl.getService(ServiceHandleImpl.java:90)
	at org.glassfish.hk2.runlevel.internal.CurrentTaskFuture$QueueRunner.oneJob(CurrentTaskFuture.java:1237)
	at org.glassfish.hk2.runlevel.internal.CurrentTaskFuture$QueueRunner.run(CurrentTaskFuture.java:1168)
	at org.glassfish.hk2.runlevel.internal.CurrentTaskFuture$UpOneLevel.run(CurrentTaskFuture.java:786)
	at weblogic.work.SelfTuningWorkManagerImpl$WorkAdapterImpl.run(SelfTuningWorkManagerImpl.java:670)
	at weblogic.invocation.ComponentInvocationContextManager._runAs(ComponentInvocationContextManager.java:352)
	at weblogic.invocation.ComponentInvocationContextManager.runAs(ComponentInvocationContextManager.java:337)
	at weblogic.work.LivePartitionUtility.doRunWorkUnderContext(LivePartitionUtility.java:57)
	at weblogic.work.PartitionUtility.runWorkUnderContext(PartitionUtility.java:41)
	at weblogic.work.SelfTuningWorkManagerImpl.runWorkUnderContext(SelfTuningWorkManagerImpl.java:644)
	at weblogic.work.ExecuteThread.execute(ExecuteThread.java:415)
	at weblogic.work.ExecuteThread.run(ExecuteThread.java:355)
Caused by: oracle.net.ns.NetException: Listener refused the connection with the following error:
ORA-12514, TNS:listener does not currently know of service requested in connect descriptor
 
	at oracle.net.ns.NSProtocolNIO.negotiateConnection(NSProtocolNIO.java:284)
	at oracle.net.ns.NSProtocol.connect(NSProtocol.java:328)
	at oracle.jdbc.driver.T4CConnection.connect(T4CConnection.java:1439)
	at oracle.jdbc.driver.T4CConnection.logon(T4CConnection.java:519)
	... 50 more

Jan 27, 2025 12:10:32 PM oracle.security.jps.internal.policystore.util.JpsDataManagerUtil getDBConnection
WARNING: Can not connect DB with URL jdbc:oracle:thin:@//gtbtestdb1:1598/WLS_REP.WORLD4
java.sql.SQLRecoverableException: Listener refused the connection with the following error:
ORA-12514, TNS:listener does not currently know of service requested in connect descriptor
 
	at oracle.jdbc.driver.T4CConnection.logon(T4CConnection.java:775)
	at oracle.jdbc.driver.PhysicalConnection.connect(PhysicalConnection.java:833)
	at oracle.jdbc.driver.T4CDriverExtension.getConnection(T4CDriverExtension.java:40)
	at oracle.jdbc.driver.OracleDriver.connect(OracleDriver.java:704)
	at java.sql.DriverManager.getConnection(DriverManager.java:664)
	at java.sql.DriverManager.getConnection(DriverManager.java:247)
	at oracle.security.jps.internal.policystore.util.JpsDataManagerUtil.getDBConnection(JpsDataManagerUtil.java:400)
	at oracle.security.jps.internal.policystore.util.JpsDataManagerUtil.isNewSchema(JpsDataManagerUtil.java:249)
	at oracle.security.jps.internal.core.datamanager.DataManagerFactoryImpl.isNewSchema(DataManagerFactoryImpl.java:252)
	at oracle.security.jps.internal.core.datamanager.DataManagerFactoryImpl.getDBDataManager(DataManagerFactoryImpl.java:319)
	at oracle.security.jps.internal.core.datamanager.DataManagerFactoryImpl.getDataManager(DataManagerFactoryImpl.java:161)
	at oracle.security.jps.internal.credstore.rdbms.CsfDbmsManager.getDataManager(CsfDbmsManager.java:95)
	at oracle.security.jps.internal.credstore.ldap.CsfStoreManager.existsStore(CsfStoreManager.java:298)
	at oracle.security.jps.internal.credstore.ldap.CsfStoreManager.completeInit(CsfStoreManager.java:177)
	at oracle.security.jps.internal.credstore.rdbms.CsfDbmsManager.<init>(CsfDbmsManager.java:91)
	at oracle.security.jps.internal.credstore.rdbms.CsfDbmsManager.createInstance(CsfDbmsManager.java:72)
	at oracle.security.jps.internal.credstore.ldap.CsfStoreManager.getInstance(CsfStoreManager.java:121)
	at oracle.security.jps.internal.credstore.ldap.LdapCredentialStore.init(LdapCredentialStore.java:188)
	at oracle.security.jps.internal.credstore.ldap.LdapCredentialStore.start(LdapCredentialStore.java:1030)
	at oracle.security.opss.internal.runtime.ServiceContextImpl.start(ServiceContextImpl.java:220)
	at oracle.security.opss.internal.runtime.ServiceContextManagerImpl.createDefaultContext(ServiceContextManagerImpl.java:325)
	at oracle.security.opss.internal.runtime.ServiceContextManagerImpl.initialize(ServiceContextManagerImpl.java:242)
	at oracle.security.jps.internal.config.OpssCommonStartup$1.run(OpssCommonStartup.java:166)
	at java.security.AccessController.doPrivileged(Native Method)
	at oracle.security.jps.internal.config.OpssCommonStartup.start(OpssCommonStartup.java:159)
	at oracle.security.jps.wls.JpsWlsStartup.start(JpsWlsStartup.java:105)
	at oracle.security.jps.JpsStartup.startWithRetry(JpsStartup.java:287)
	at oracle.security.jps.JpsStartup.start(JpsStartup.java:252)
	at oracle.security.jps.wls.JpsDefaultService.start(JpsDefaultService.java:92)
	at weblogic.server.AbstractServerService.postConstruct(AbstractServerService.java:76)
	at sun.reflect.GeneratedMethodAccessor2.invoke(Unknown Source)
	at sun.reflect.DelegatingMethodAccessorImpl.invoke(DelegatingMethodAccessorImpl.java:43)
	at java.lang.reflect.Method.invoke(Method.java:498)
	at org.glassfish.hk2.utilities.reflection.ReflectionHelper.invoke(ReflectionHelper.java:1287)
	at org.jvnet.hk2.internal.ClazzCreator.postConstructMe(ClazzCreator.java:333)
	at org.jvnet.hk2.internal.ClazzCreator.create(ClazzCreator.java:375)
	at org.jvnet.hk2.internal.SystemDescriptor.create(SystemDescriptor.java:487)
	at org.glassfish.hk2.runlevel.internal.AsyncRunLevelContext.findOrCreate(AsyncRunLevelContext.java:305)
	at org.glassfish.hk2.runlevel.RunLevelContext.findOrCreate(RunLevelContext.java:85)
	at org.jvnet.hk2.internal.Utilities.createService(Utilities.java:2126)
	at org.jvnet.hk2.internal.ServiceHandleImpl.getService(ServiceHandleImpl.java:116)
	at org.jvnet.hk2.internal.ServiceHandleImpl.getService(ServiceHandleImpl.java:90)
	at org.glassfish.hk2.runlevel.internal.CurrentTaskFuture$QueueRunner.oneJob(CurrentTaskFuture.java:1237)
	at org.glassfish.hk2.runlevel.internal.CurrentTaskFuture$QueueRunner.run(CurrentTaskFuture.java:1168)
	at org.glassfish.hk2.runlevel.internal.CurrentTaskFuture$UpOneLevel.run(CurrentTaskFuture.java:786)
	at weblogic.work.SelfTuningWorkManagerImpl$WorkAdapterImpl.run(SelfTuningWorkManagerImpl.java:670)
	at weblogic.invocation.ComponentInvocationContextManager._runAs(ComponentInvocationContextManager.java:352)
	at weblogic.invocation.ComponentInvocationContextManager.runAs(ComponentInvocationContextManager.java:337)
	at weblogic.work.LivePartitionUtility.doRunWorkUnderContext(LivePartitionUtility.java:57)
	at weblogic.work.PartitionUtility.runWorkUnderContext(PartitionUtility.java:41)
	at weblogic.work.SelfTuningWorkManagerImpl.runWorkUnderContext(SelfTuningWorkManagerImpl.java:644)
	at weblogic.work.ExecuteThread.execute(ExecuteThread.java:415)
	at weblogic.work.ExecuteThread.run(ExecuteThread.java:355)
Caused by: oracle.net.ns.NetException: Listener refused the connection with the following error:
ORA-12514, TNS:listener does not currently know of service requested in connect descriptor
 
	at oracle.net.ns.NSProtocolNIO.negotiateConnection(NSProtocolNIO.java:284)
	at oracle.net.ns.NSProtocol.connect(NSProtocol.java:328)
	at oracle.jdbc.driver.T4CConnection.connect(T4CConnection.java:1439)
	at oracle.jdbc.driver.T4CConnection.logon(T4CConnection.java:519)
	... 52 more

Jan 27, 2025 12:10:32 PM oracle.security.jps.internal.credstore.ldap.LdapCredentialStore init
WARNING: Could not create credential store instance. Reason oracle.security.jps.service.policystore.PolicyStoreConnectivityException: oracle.security.jps.service.policystore.PolicyStoreException: Can not connect DB with URL [jdbc:oracle:thin:@//gtbtestdb1:1598/WLS_REP.WORLD4]
Jan 27, 2025 12:10:32 PM oracle.security.jps.internal.config.OpssCommonStartup start
INFO: Jps startup failed.
Jan 27, 2025 12:10:32 PM oracle.security.jps.JpsStartup startWithRetry
WARNING: Exception occurs during JpsStartup start. Reason oracle.security.jps.JpsException: JPS-01055: Could not create credential store instance. Reason oracle.security.jps.service.policystore.PolicyStoreConnectivityException: oracle.security.jps.service.policystore.PolicyStoreException: Can not connect DB with URL [jdbc:oracle:thin:@//gtbtestdb1:1598/WLS_REP.WORLD4]. Will retry 3 time(s) in next 60 seconds.
Jan 27, 2025 12:10:32 PM oracle.security.jps.internal.config.OpssCommonStartup reset
INFO: Jps is reset.
Jan 27, 2025 12:11:32 PM oracle.security.jps.internal.policystore.util.JpsDataManagerUtil getDBConnection
WARNING: Can not connect DB with URL jdbc:oracle:thin:@//gtbtestdb1:1598/WLS_REP.WORLD4
java.sql.SQLRecoverableException: Listener refused the connection with the following error:
ORA-12514, TNS:listener does not currently know of service requested in connect descriptor
 
	at oracle.jdbc.driver.T4CConnection.logon(T4CConnection.java:775)
	at oracle.jdbc.driver.PhysicalConnection.connect(PhysicalConnection.java:833)
	at oracle.jdbc.driver.T4CDriverExtension.getConnection(T4CDriverExtension.java:40)
	at oracle.jdbc.driver.OracleDriver.connect(OracleDriver.java:704)
	at java.sql.DriverManager.getConnection(DriverManager.java:664)
	at java.sql.DriverManager.getConnection(DriverManager.java:247)
	at oracle.security.jps.internal.policystore.util.JpsDataManagerUtil.getDBConnection(JpsDataManagerUtil.java:400)
	at oracle.security.jps.internal.policystore.util.JpsDataManagerUtil.isNewSchema(JpsDataManagerUtil.java:249)
	at oracle.security.jps.internal.core.datamanager.DataManagerFactoryImpl.isNewSchema(DataManagerFactoryImpl.java:252)
	at oracle.security.jps.internal.core.datamanager.DataManagerFactoryImpl.getDBDataManager(DataManagerFactoryImpl.java:319)
	at oracle.security.jps.internal.core.datamanager.DataManagerFactoryImpl.getDataManager(DataManagerFactoryImpl.java:186)
	at oracle.security.jps.internal.core.datamanager.DataManagerFactoryImpl.getDataManager(DataManagerFactoryImpl.java:137)
	at oracle.security.jps.internal.common.config.AbstractSecurityStore.createDataManager(AbstractSecurityStore.java:96)
	at oracle.security.jps.internal.common.config.AbstractSecurityStore.getSecurityStoreVersionInternal(AbstractSecurityStore.java:164)
	at oracle.security.jps.internal.common.config.AbstractSecurityStore.getSecurityStoreVersion(AbstractSecurityStore.java:146)
	at oracle.security.jps.internal.credstore.ldap.LdapCredentialStore.init(LdapCredentialStore.java:187)
	at oracle.security.jps.internal.credstore.ldap.LdapCredentialStore.start(LdapCredentialStore.java:1030)
	at oracle.security.opss.internal.runtime.ServiceContextImpl.start(ServiceContextImpl.java:220)
	at oracle.security.opss.internal.runtime.ServiceContextManagerImpl.createDefaultContext(ServiceContextManagerImpl.java:325)
	at oracle.security.opss.internal.runtime.ServiceContextManagerImpl.initialize(ServiceContextManagerImpl.java:242)
	at oracle.security.jps.internal.config.OpssCommonStartup$1.run(OpssCommonStartup.java:166)
	at java.security.AccessController.doPrivileged(Native Method)
	at oracle.security.jps.internal.config.OpssCommonStartup.start(OpssCommonStartup.java:159)
	at oracle.security.jps.wls.JpsWlsStartup.start(JpsWlsStartup.java:105)
	at oracle.security.jps.JpsStartup.startWithRetry(JpsStartup.java:287)
	at oracle.security.jps.JpsStartup.start(JpsStartup.java:252)
	at oracle.security.jps.wls.JpsDefaultService.start(JpsDefaultService.java:92)
	at weblogic.server.AbstractServerService.postConstruct(AbstractServerService.java:76)
	at sun.reflect.GeneratedMethodAccessor2.invoke(Unknown Source)
	at sun.reflect.DelegatingMethodAccessorImpl.invoke(DelegatingMethodAccessorImpl.java:43)
	at java.lang.reflect.Method.invoke(Method.java:498)
	at org.glassfish.hk2.utilities.reflection.ReflectionHelper.invoke(ReflectionHelper.java:1287)
	at org.jvnet.hk2.internal.ClazzCreator.postConstructMe(ClazzCreator.java:333)
	at org.jvnet.hk2.internal.ClazzCreator.create(ClazzCreator.java:375)
	at org.jvnet.hk2.internal.SystemDescriptor.create(SystemDescriptor.java:487)
	at org.glassfish.hk2.runlevel.internal.AsyncRunLevelContext.findOrCreate(AsyncRunLevelContext.java:305)
	at org.glassfish.hk2.runlevel.RunLevelContext.findOrCreate(RunLevelContext.java:85)
	at org.jvnet.hk2.internal.Utilities.createService(Utilities.java:2126)
	at org.jvnet.hk2.internal.ServiceHandleImpl.getService(ServiceHandleImpl.java:116)
	at org.jvnet.hk2.internal.ServiceHandleImpl.getService(ServiceHandleImpl.java:90)
	at org.glassfish.hk2.runlevel.internal.CurrentTaskFuture$QueueRunner.oneJob(CurrentTaskFuture.java:1237)
	at org.glassfish.hk2.runlevel.internal.CurrentTaskFuture$QueueRunner.run(CurrentTaskFuture.java:1168)
	at org.glassfish.hk2.runlevel.internal.CurrentTaskFuture$UpOneLevel.run(CurrentTaskFuture.java:786)
	at weblogic.work.SelfTuningWorkManagerImpl$WorkAdapterImpl.run(SelfTuningWorkManagerImpl.java:670)
	at weblogic.invocation.ComponentInvocationContextManager._runAs(ComponentInvocationContextManager.java:352)
	at weblogic.invocation.ComponentInvocationContextManager.runAs(ComponentInvocationContextManager.java:337)
	at weblogic.work.LivePartitionUtility.doRunWorkUnderContext(LivePartitionUtility.java:57)
	at weblogic.work.PartitionUtility.runWorkUnderContext(PartitionUtility.java:41)
	at weblogic.work.SelfTuningWorkManagerImpl.runWorkUnderContext(SelfTuningWorkManagerImpl.java:644)
	at weblogic.work.ExecuteThread.execute(ExecuteThread.java:415)
	at weblogic.work.ExecuteThread.run(ExecuteThread.java:355)
Caused by: oracle.net.ns.NetException: Listener refused the connection with the following error:
ORA-12514, TNS:listener does not currently know of service requested in connect descriptor
 
	at oracle.net.ns.NSProtocolNIO.negotiateConnection(NSProtocolNIO.java:284)
	at oracle.net.ns.NSProtocol.connect(NSProtocol.java:328)
	at oracle.jdbc.driver.T4CConnection.connect(T4CConnection.java:1439)
	at oracle.jdbc.driver.T4CConnection.logon(T4CConnection.java:519)
	... 50 more

Jan 27, 2025 12:11:32 PM oracle.security.jps.internal.policystore.util.JpsDataManagerUtil getDBConnection
WARNING: Can not connect DB with URL jdbc:oracle:thin:@//gtbtestdb1:1598/WLS_REP.WORLD4
java.sql.SQLRecoverableException: Listener refused the connection with the following error:
ORA-12514, TNS:listener does not currently know of service requested in connect descriptor
 
	at oracle.jdbc.driver.T4CConnection.logon(T4CConnection.java:775)
	at oracle.jdbc.driver.PhysicalConnection.connect(PhysicalConnection.java:833)
	at oracle.jdbc.driver.T4CDriverExtension.getConnection(T4CDriverExtension.java:40)
	at oracle.jdbc.driver.OracleDriver.connect(OracleDriver.java:704)
	at java.sql.DriverManager.getConnection(DriverManager.java:664)
	at java.sql.DriverManager.getConnection(DriverManager.java:247)
	at oracle.security.jps.internal.policystore.util.JpsDataManagerUtil.getDBConnection(JpsDataManagerUtil.java:400)
	at oracle.security.jps.internal.policystore.util.JpsDataManagerUtil.isNewSchema(JpsDataManagerUtil.java:249)
	at oracle.security.jps.internal.core.datamanager.DataManagerFactoryImpl.isNewSchema(DataManagerFactoryImpl.java:252)
	at oracle.security.jps.internal.core.datamanager.DataManagerFactoryImpl.getDBDataManager(DataManagerFactoryImpl.java:319)
	at oracle.security.jps.internal.core.datamanager.DataManagerFactoryImpl.getDataManager(DataManagerFactoryImpl.java:161)
	at oracle.security.jps.internal.credstore.rdbms.CsfDbmsManager.getDataManager(CsfDbmsManager.java:95)
	at oracle.security.jps.internal.credstore.ldap.CsfStoreManager.existsStore(CsfStoreManager.java:298)
	at oracle.security.jps.internal.credstore.ldap.CsfStoreManager.completeInit(CsfStoreManager.java:177)
	at oracle.security.jps.internal.credstore.rdbms.CsfDbmsManager.<init>(CsfDbmsManager.java:91)
	at oracle.security.jps.internal.credstore.rdbms.CsfDbmsManager.createInstance(CsfDbmsManager.java:72)
	at oracle.security.jps.internal.credstore.ldap.CsfStoreManager.getInstance(CsfStoreManager.java:121)
	at oracle.security.jps.internal.credstore.ldap.LdapCredentialStore.init(LdapCredentialStore.java:188)
	at oracle.security.jps.internal.credstore.ldap.LdapCredentialStore.start(LdapCredentialStore.java:1030)
	at oracle.security.opss.internal.runtime.ServiceContextImpl.start(ServiceContextImpl.java:220)
	at oracle.security.opss.internal.runtime.ServiceContextManagerImpl.createDefaultContext(ServiceContextManagerImpl.java:325)
	at oracle.security.opss.internal.runtime.ServiceContextManagerImpl.initialize(ServiceContextManagerImpl.java:242)
	at oracle.security.jps.internal.config.OpssCommonStartup$1.run(OpssCommonStartup.java:166)
	at java.security.AccessController.doPrivileged(Native Method)
	at oracle.security.jps.internal.config.OpssCommonStartup.start(OpssCommonStartup.java:159)
	at oracle.security.jps.wls.JpsWlsStartup.start(JpsWlsStartup.java:105)
	at oracle.security.jps.JpsStartup.startWithRetry(JpsStartup.java:287)
	at oracle.security.jps.JpsStartup.start(JpsStartup.java:252)
	at oracle.security.jps.wls.JpsDefaultService.start(JpsDefaultService.java:92)
	at weblogic.server.AbstractServerService.postConstruct(AbstractServerService.java:76)
	at sun.reflect.GeneratedMethodAccessor2.invoke(Unknown Source)
	at sun.reflect.DelegatingMethodAccessorImpl.invoke(DelegatingMethodAccessorImpl.java:43)
	at java.lang.reflect.Method.invoke(Method.java:498)
	at org.glassfish.hk2.utilities.reflection.ReflectionHelper.invoke(ReflectionHelper.java:1287)
	at org.jvnet.hk2.internal.ClazzCreator.postConstructMe(ClazzCreator.java:333)
	at org.jvnet.hk2.internal.ClazzCreator.create(ClazzCreator.java:375)
	at org.jvnet.hk2.internal.SystemDescriptor.create(SystemDescriptor.java:487)
	at org.glassfish.hk2.runlevel.internal.AsyncRunLevelContext.findOrCreate(AsyncRunLevelContext.java:305)
	at org.glassfish.hk2.runlevel.RunLevelContext.findOrCreate(RunLevelContext.java:85)
	at org.jvnet.hk2.internal.Utilities.createService(Utilities.java:2126)
	at org.jvnet.hk2.internal.ServiceHandleImpl.getService(ServiceHandleImpl.java:116)
	at org.jvnet.hk2.internal.ServiceHandleImpl.getService(ServiceHandleImpl.java:90)
	at org.glassfish.hk2.runlevel.internal.CurrentTaskFuture$QueueRunner.oneJob(CurrentTaskFuture.java:1237)
	at org.glassfish.hk2.runlevel.internal.CurrentTaskFuture$QueueRunner.run(CurrentTaskFuture.java:1168)
	at org.glassfish.hk2.runlevel.internal.CurrentTaskFuture$UpOneLevel.run(CurrentTaskFuture.java:786)
	at weblogic.work.SelfTuningWorkManagerImpl$WorkAdapterImpl.run(SelfTuningWorkManagerImpl.java:670)
	at weblogic.invocation.ComponentInvocationContextManager._runAs(ComponentInvocationContextManager.java:352)
	at weblogic.invocation.ComponentInvocationContextManager.runAs(ComponentInvocationContextManager.java:337)
	at weblogic.work.LivePartitionUtility.doRunWorkUnderContext(LivePartitionUtility.java:57)
	at weblogic.work.PartitionUtility.runWorkUnderContext(PartitionUtility.java:41)
	at weblogic.work.SelfTuningWorkManagerImpl.runWorkUnderContext(SelfTuningWorkManagerImpl.java:644)
	at weblogic.work.ExecuteThread.execute(ExecuteThread.java:415)
	at weblogic.work.ExecuteThread.run(ExecuteThread.java:355)
Caused by: oracle.net.ns.NetException: Listener refused the connection with the following error:
ORA-12514, TNS:listener does not currently know of service requested in connect descriptor
 
	at oracle.net.ns.NSProtocolNIO.negotiateConnection(NSProtocolNIO.java:284)
	at oracle.net.ns.NSProtocol.connect(NSProtocol.java:328)
	at oracle.jdbc.driver.T4CConnection.connect(T4CConnection.java:1439)
	at oracle.jdbc.driver.T4CConnection.logon(T4CConnection.java:519)
	... 52 more

Jan 27, 2025 12:11:32 PM oracle.security.jps.internal.credstore.ldap.LdapCredentialStore init
WARNING: Could not create credential store instance. Reason oracle.security.jps.service.policystore.PolicyStoreConnectivityException: oracle.security.jps.service.policystore.PolicyStoreException: Can not connect DB with URL [jdbc:oracle:thin:@//gtbtestdb1:1598/WLS_REP.WORLD4]
Jan 27, 2025 12:11:32 PM oracle.security.jps.internal.config.OpssCommonStartup start
INFO: Jps startup failed.
<Jan 27, 2025 12:11:32,278 PM CAT> <Critical> <WebLogicServer> <BEA-000362> <Server failed. Reason: 

There are 1 nested errors:

java.lang.ClassCastException: com.octetstring.vde.backend.BackendRoot cannot be cast to com.octetstring.vde.backend.standard.BackendStandard
	at weblogic.ldap.EmbeddedLDAP.start(EmbeddedLDAP.java:318)
	at weblogic.server.AbstractServerService.postConstruct(AbstractServerService.java:76)
	at sun.reflect.GeneratedMethodAccessor2.invoke(Unknown Source)
	at sun.reflect.DelegatingMethodAccessorImpl.invoke(DelegatingMethodAccessorImpl.java:43)
	at java.lang.reflect.Method.invoke(Method.java:498)
	at org.glassfish.hk2.utilities.reflection.ReflectionHelper.invoke(ReflectionHelper.java:1287)
	at org.jvnet.hk2.internal.ClazzCreator.postConstructMe(ClazzCreator.java:333)
	at org.jvnet.hk2.internal.ClazzCreator.create(ClazzCreator.java:375)
	at org.jvnet.hk2.internal.SystemDescriptor.create(SystemDescriptor.java:487)
	at org.glassfish.hk2.runlevel.internal.AsyncRunLevelContext.findOrCreate(AsyncRunLevelContext.java:305)
	at org.glassfish.hk2.runlevel.RunLevelContext.findOrCreate(RunLevelContext.java:85)
	at org.jvnet.hk2.internal.Utilities.createService(Utilities.java:2126)
	at org.jvnet.hk2.internal.ServiceHandleImpl.getService(ServiceHandleImpl.java:116)
	at org.jvnet.hk2.internal.ServiceLocatorImpl.getService(ServiceLocatorImpl.java:698)
	at org.jvnet.hk2.internal.ThreeThirtyResolver.resolve(ThreeThirtyResolver.java:78)
	at org.jvnet.hk2.internal.ClazzCreator.resolve(ClazzCreator.java:212)
	at org.jvnet.hk2.internal.ClazzCreator.resolveAllDependencies(ClazzCreator.java:235)
	at org.jvnet.hk2.internal.ClazzCreator.create(ClazzCreator.java:358)
	at org.jvnet.hk2.internal.SystemDescriptor.create(SystemDescriptor.java:487)
	at org.glassfish.hk2.runlevel.internal.AsyncRunLevelContext.findOrCreate(AsyncRunLevelContext.java:305)
	at org.glassfish.hk2.runlevel.RunLevelContext.findOrCreate(RunLevelContext.java:85)
	at org.jvnet.hk2.internal.Utilities.createService(Utilities.java:2126)
	at org.jvnet.hk2.internal.ServiceHandleImpl.getService(ServiceHandleImpl.java:116)
	at org.jvnet.hk2.internal.ServiceLocatorImpl.getService(ServiceLocatorImpl.java:698)
	at org.jvnet.hk2.internal.ThreeThirtyResolver.resolve(ThreeThirtyResolver.java:78)
	at org.jvnet.hk2.internal.ClazzCreator.resolve(ClazzCreator.java:212)
	at org.jvnet.hk2.internal.ClazzCreator.resolveAllDependencies(ClazzCreator.java:235)
	at org.jvnet.hk2.internal.ClazzCreator.create(ClazzCreator.java:358)
	at org.jvnet.hk2.internal.SystemDescriptor.create(SystemDescriptor.java:487)
	at org.glassfish.hk2.runlevel.internal.AsyncRunLevelContext.findOrCreate(AsyncRunLevelContext.java:305)
	at org.glassfish.hk2.runlevel.RunLevelContext.findOrCreate(RunLevelContext.java:85)
	at org.jvnet.hk2.internal.Utilities.createService(Utilities.java:2126)
	at org.jvnet.hk2.internal.ServiceHandleImpl.getService(ServiceHandleImpl.java:116)
	at org.jvnet.hk2.internal.ServiceLocatorImpl.getService(ServiceLocatorImpl.java:698)
	at org.jvnet.hk2.internal.ThreeThirtyResolver.resolve(ThreeThirtyResolver.java:78)
	at org.jvnet.hk2.internal.ClazzCreator.resolve(ClazzCreator.java:212)
	at org.jvnet.hk2.internal.ClazzCreator.resolveAllDependencies(ClazzCreator.java:235)
	at org.jvnet.hk2.internal.ClazzCreator.create(ClazzCreator.java:358)
	at org.jvnet.hk2.internal.SystemDescriptor.create(SystemDescriptor.java:487)
	at org.glassfish.hk2.runlevel.internal.AsyncRunLevelContext.findOrCreate(AsyncRunLevelContext.java:305)
	at org.glassfish.hk2.runlevel.RunLevelContext.findOrCreate(RunLevelContext.java:85)
	at org.jvnet.hk2.internal.Utilities.createService(Utilities.java:2126)
	at org.jvnet.hk2.internal.ServiceHandleImpl.getService(ServiceHandleImpl.java:116)
	at org.jvnet.hk2.internal.ServiceHandleImpl.getService(ServiceHandleImpl.java:90)
	at org.glassfish.hk2.runlevel.internal.CurrentTaskFuture$QueueRunner.oneJob(CurrentTaskFuture.java:1237)
	at org.glassfish.hk2.runlevel.internal.CurrentTaskFuture$QueueRunner.run(CurrentTaskFuture.java:1168)
	at weblogic.work.SelfTuningWorkManagerImpl$WorkAdapterImpl.run(SelfTuningWorkManagerImpl.java:670)
	at weblogic.invocation.ComponentInvocationContextManager._runAs(ComponentInvocationContextManager.java:352)
	at weblogic.invocation.ComponentInvocationContextManager.runAs(ComponentInvocationContextManager.java:337)
	at weblogic.work.LivePartitionUtility.doRunWorkUnderContext(LivePartitionUtility.java:57)
	at weblogic.work.PartitionUtility.runWorkUnderContext(PartitionUtility.java:41)
	at weblogic.work.SelfTuningWorkManagerImpl.runWorkUnderContext(SelfTuningWorkManagerImpl.java:644)
	at weblogic.work.ExecuteThread.execute(ExecuteThread.java:415)
	at weblogic.work.ExecuteThread.run(ExecuteThread.java:355)

> 
<Jan 27, 2025 12:11:32,289 PM CAT> <Notice> <WebLogicServer> <BEA-000365> <Server state changed to FAILED.> 
<Jan 27, 2025 12:11:32,289 PM CAT> <Error> <WebLogicServer> <BEA-000383> <A critical service failed. The server will shut itself down.> 
<Jan 27, 2025 12:11:32,291 PM CAT> <Notice> <WebLogicServer> <BEA-000365> <Server state changed to FORCE_SHUTTING_DOWN.> 
Stopping Derby server...
Derby server stopped.
<Jan 27, 2025 12:11:33 PM CAT> <INFO> <NodeManager> <The server 'AdminServer' with process id 6671 is no longer alive; waiting for the process to die.>
<Jan 27, 2025 12:11:33 PM CAT> <FINEST> <NodeManager> <Process died.>
<Jan 27, 2025 12:11:33 PM CAT> <INFO> <NodeManager> <Server failed during startup. It may be retried according to the auto restart configuration.>
<Jan 27, 2025 12:11:33 PM CAT> <FINEST> <NodeManager> <get latest startup configuration before deciding/trying to restart the server>
<Jan 27, 2025 12:11:33 PM CAT> <INFO> <NodeManager> <Server failed but will not be restarted because the maximum number of restart attempts has been exceeded>
<Jan 27, 2025 12:11:33 PM CAT> <FINEST> <NodeManager> <runMonitor returned, setting finished=true and notifying waiters>
